# JRE version: OpenJDK Runtime Environment JBR-11.0.16.8-2043.64-jcef (11.0.16+8) (build 11.0.16+8-b2043.64)
# Java VM: OpenJDK 64-Bit Server VM JBR-11.0.16.8-2043.64-jcef (11.0.16+8-b2043.64, mixed mode, tiered, compressed oops, g1 gc, bsd-aarch64)
Heap:
 garbage-first heap   total 315392K, used 236322K [0x0000000740000000, 0x00000007c0000000)
  region size 1024K, 19 young (19456K), 4 survivors (4096K)
 Metaspace       used 131543K, capacity 135531K, committed 135744K, reserved 1167360K
  class space    used 16985K, capacity 18397K, committed 18496K, reserved 1048576K
GC Heap History (20 events):
Event: 888.440 GC heap before
{Heap before GC invocations=68 (full 0):
 garbage-first heap   total 262144K, used 230688K [0x0000000740000000, 0x00000007c0000000)
  region size 1024K, 19 young (19456K), 1 survivors (1024K)
 Metaspace       used 123619K, capacity 127421K, committed 127808K, reserved 1159168K
  class space    used 15969K, capacity 17353K, committed 17472K, reserved 1048576K
}
Event: 888.441 GC heap after
{Heap after GC invocations=69 (full 0):
 garbage-first heap   total 262144K, used 213387K [0x0000000740000000, 0x00000007c0000000)
  region size 1024K, 2 young (2048K), 2 survivors (2048K)
 Metaspace       used 123619K, capacity 127421K, committed 127808K, reserved 1159168K
  class space    used 15969K, capacity 17353K, committed 17472K, reserved 1048576K
}
Event: 888.498 GC heap before
{Heap before GC invocations=69 (full 0):
 garbage-first heap   total 262144K, used 231819K [0x0000000740000000, 0x00000007c0000000)
  region size 1024K, 20 young (20480K), 2 survivors (2048K)
 Metaspace       used 123619K, capacity 127421K, committed 127808K, reserved 1159168K
  class space    used 15969K, capacity 17353K, committed 17472K, reserved 1048576K
}
Event: 888.499 GC heap after
{Heap after GC invocations=70 (full 0):
 garbage-first heap   total 262144K, used 213440K [0x0000000740000000, 0x00000007c0000000)
  region size 1024K, 2 young (2048K), 2 survivors (2048K)
 Metaspace       used 123619K, capacity 127421K, committed 127808K, reserved 1159168K
  class space    used 15969K, capacity 17353K, committed 17472K, reserved 1048576K
}
Event: 888.554 GC heap before
{Heap before GC invocations=70 (full 0):
 garbage-first heap   total 262144K, used 231872K [0x0000000740000000, 0x00000007c0000000)
  region size 1024K, 20 young (20480K), 2 survivors (2048K)
 Metaspace       used 123620K, capacity 127421K, committed 127808K, reserved 1159168K
  class space    used 15969K, capacity 17353K, committed 17472K, reserved 1048576K
}
Event: 888.555 GC heap after
{Heap after GC invocations=71 (full 0):
 garbage-first heap   total 262144K, used 213509K [0x0000000740000000, 0x00000007c0000000)
  region size 1024K, 2 young (2048K), 2 survivors (2048K)
 Metaspace       used 123620K, capacity 127421K, committed 127808K, reserved 1159168K
  class space    used 15969K, capacity 17353K, committed 17472K, reserved 1048576K
}
Event: 888.601 GC heap before
{Heap before GC invocations=71 (full 0):
 garbage-first heap   total 262144K, used 231941K [0x0000000740000000, 0x00000007c0000000)
  region size 1024K, 20 young (20480K), 2 survivors (2048K)
 Metaspace       used 123620K, capacity 127421K, committed 127808K, reserved 1159168K
  class space    used 15969K, capacity 17353K, committed 17472K, reserved 1048576K
}
Event: 888.602 GC heap after
{Heap after GC invocations=72 (full 0):
 garbage-first heap   total 262144K, used 213592K [0x0000000740000000, 0x00000007c0000000)
  region size 1024K, 2 young (2048K), 2 survivors (2048K)
 Metaspace       used 123620K, capacity 127421K, committed 127808K, reserved 1159168K
  class space    used 15969K, capacity 17353K, committed 17472K, reserved 1048576K
}
Event: 888.792 GC heap before
{Heap before GC invocations=72 (full 0):
 garbage-first heap   total 262144K, used 231000K [0x0000000740000000, 0x00000007c0000000)
  region size 1024K, 20 young (20480K), 2 survivors (2048K)
 Metaspace       used 126398K, capacity 130242K, committed 130496K, reserved 1161216K
  class space    used 16361K, capacity 17781K, committed 17856K, reserved 1048576K
}
Event: 888.795 GC heap after
{Heap after GC invocations=73 (full 0):
 garbage-first heap   total 262144K, used 211273K [0x0000000740000000, 0x00000007c0000000)
  region size 1024K, 1 young (1024K), 1 survivors (1024K)
 Metaspace       used 126398K, capacity 130242K, committed 130496K, reserved 1161216K
  class space    used 16361K, capacity 17781K, committed 17856K, reserved 1048576K
}
Event: 888.978 GC heap before
{Heap before GC invocations=73 (full 0):
 garbage-first heap   total 262144K, used 232777K [0x0000000740000000, 0x00000007c0000000)
  region size 1024K, 21 young (21504K), 1 survivors (1024K)
 Metaspace       used 129623K, capacity 133593K, committed 133952K, reserved 1165312K
  class space    used 16746K, capacity 18182K, committed 18240K, reserved 1048576K
}
Event: 888.982 GC heap after
{Heap after GC invocations=74 (full 0):
 garbage-first heap   total 262144K, used 216091K [0x0000000740000000, 0x00000007c0000000)
  region size 1024K, 3 young (3072K), 3 survivors (3072K)
 Metaspace       used 129623K, capacity 133593K, committed 133952K, reserved 1165312K
  class space    used 16746K, capacity 18182K, committed 18240K, reserved 1048576K
}
Event: 889.185 GC heap before
{Heap before GC invocations=74 (full 0):
 garbage-first heap   total 262144K, used 230427K [0x0000000740000000, 0x00000007c0000000)
  region size 1024K, 17 young (17408K), 3 survivors (3072K)
 Metaspace       used 130637K, capacity 134537K, committed 134848K, reserved 1165312K
  class space    used 16878K, capacity 18286K, committed 18368K, reserved 1048576K
}
Event: 889.187 GC heap after
{Heap after GC invocations=75 (full 0):
 garbage-first heap   total 262144K, used 216778K [0x0000000740000000, 0x00000007c0000000)
  region size 1024K, 2 young (2048K), 2 survivors (2048K)
 Metaspace       used 130637K, capacity 134537K, committed 134848K, reserved 1165312K
  class space    used 16878K, capacity 18286K, committed 18368K, reserved 1048576K
}
Event: 889.237 GC heap before
{Heap before GC invocations=75 (full 0):
 garbage-first heap   total 262144K, used 229066K [0x0000000740000000, 0x00000007c0000000)
  region size 1024K, 15 young (15360K), 2 survivors (2048K)
 Metaspace       used 130953K, capacity 134946K, committed 135104K, reserved 1165312K
  class space    used 16919K, capacity 18337K, committed 18368K, reserved 1048576K
}
Event: 889.239 GC heap after
{Heap after GC invocations=76 (full 0):
 garbage-first heap   total 262144K, used 217858K [0x0000000740000000, 0x00000007c0000000)
  region size 1024K, 2 young (2048K), 2 survivors (2048K)
 Metaspace       used 130953K, capacity 134946K, committed 135104K, reserved 1165312K
  class space    used 16919K, capacity 18337K, committed 18368K, reserved 1048576K
}
Event: 889.296 GC heap before
{Heap before GC invocations=76 (full 0):
 garbage-first heap   total 262144K, used 230146K [0x0000000740000000, 0x00000007c0000000)
  region size 1024K, 15 young (15360K), 2 survivors (2048K)
 Metaspace       used 131099K, capacity 135031K, committed 135104K, reserved 1165312K
  class space    used 16936K, capacity 18344K, committed 18368K, reserved 1048576K
}
Event: 889.300 GC heap after
{Heap after GC invocations=77 (full 0):
 garbage-first heap   total 315392K, used 221214K [0x0000000740000000, 0x00000007c0000000)
  region size 1024K, 2 young (2048K), 2 survivors (2048K)
 Metaspace       used 131099K, capacity 135031K, committed 135104K, reserved 1165312K
  class space    used 16936K, capacity 18344K, committed 18368K, reserved 1048576K
}
Event: 1543.450 GC heap before
{Heap before GC invocations=77 (full 0):
 garbage-first heap   total 315392K, used 251934K [0x0000000740000000, 0x00000007c0000000)
  region size 1024K, 32 young (32768K), 2 survivors (2048K)
 Metaspace       used 131492K, capacity 135518K, committed 135744K, reserved 1167360K
  class space    used 16984K, capacity 18395K, committed 18496K, reserved 1048576K
}
Event: 1543.461 GC heap after
{Heap after GC invocations=78 (full 0):
 garbage-first heap   total 315392K, used 223010K [0x0000000740000000, 0x00000007c0000000)
  region size 1024K, 4 young (4096K), 4 survivors (4096K)
 Metaspace       used 131492K, capacity 135518K, committed 135744K, reserved 1167360K
  class space    used 16984K, capacity 18395K, committed 18496K, reserved 1048576K
}

